<?xml version="1.0" encoding="UTF-8"?>
<!-- Generated by org.testng.reporters.JUnitReportReporter -->
<testsuite skipped="1" hostname="DESKTOP-VEM7JN6" name="samplee.Demo" tests="2" failures="0" timestamp="2023-05-06T01:26:50 IST" time="7.689" errors="0">
  <testcase name="Test1" time="7.689" classname="samplee.Demo"/>
  <system-out/>
  <testcase name="Test2" classname="samplee.Demo">
    <skipped/>
  </testcase> <!-- Test2 -->
  <system-out/>
</testsuite> <!-- samplee.Demo -->
