<?xml version="1.0" encoding="UTF-8"?>
<!-- Generated by org.testng.reporters.JUnitReportReporter -->
<testsuite skipped="0" hostname="DESKTOP-VEM7JN6" name="sample.Demo" tests="2" failures="0" timestamp="2023-05-08T07:38:15 IST" time="27.480" errors="0">
  <testcase name="Test2" time="8.657" classname="sample.Demo"/>
  <system-out/>
  <testcase name="Test4" time="18.823" classname="sample.Demo"/>
  <system-out/>
</testsuite> <!-- sample.Demo -->
